<?xml version="1.0" encoding="UTF-8"?>
<!-- Generated by org.testng.reporters.JUnitXMLReporter -->
<testsuite hostname="Ruiyong.local" name="Default test" tests="8" failures="0" timestamp="10 May 2016 06:10:22 GMT" time="35.403" errors="0">
  <testcase name="login01" time="1.955" classname="com.sfgov.tests.LoginTests"/>
  <testcase name="login04" time="1.083" classname="com.sfgov.tests.LoginTests"/>
  <testcase name="login04" time="1.031" classname="com.sfgov.tests.LoginTests"/>
  <testcase name="login04" time="1.021" classname="com.sfgov.tests.LoginTests"/>
  <testcase name="login04" time="1.032" classname="com.sfgov.tests.LoginTests"/>
  <testcase name="login04" time="1.015" classname="com.sfgov.tests.LoginTests"/>
  <testcase name="login04" time="1.126" classname="com.sfgov.tests.LoginTests"/>
  <testcase name="login04" time="1.088" classname="com.sfgov.tests.LoginTests"/>
</testsuite> <!-- Default test -->
