<?xml version="1.0" encoding="UTF-8"?>
<!-- Generated by org.testng.reporters.JUnitXMLReporter -->
<testsuite hostname="Ruiyong.local" name="Regression1" tests="2" failures="0" timestamp="5 May 2016 22:37:35 GMT" time="0.038" errors="0">
  <testcase name="@BeforeSuite setUp" time="0.0" classname="com.sfgov.tests.SFgovTest">
    <failure type="java.lang.NullPointerException">
      <![CDATA[java.lang.NullPointerException
	at com.sfgov.common.Common.openBrower(Common.java:49)
	at com.sfgov.tests.SFgovTest.setUp(SFgovTest.java:27)
... Removed 18 stack frames]]>
    </failure>
  </testcase> <!-- @BeforeSuite setUp -->
  <testcase name="HomePageTest" time="0.002" classname="com.sfgov.tests.SFgovTest">
    <skipped/>
  </testcase> <!-- HomePageTest -->
  <testcase name="brokenLinkTest1" time="0.001" classname="com.sfgov.tests.SFgovTest">
    <skipped/>
  </testcase> <!-- brokenLinkTest1 -->
</testsuite> <!-- Regression1 -->
