<?xml version="1.0" encoding="UTF-8"?>
<testng-results skipped="0" failed="0" total="1" passed="1">
  <reporter-output>
  </reporter-output>
  <suite name="Default suite" duration-ms="195893" started-at="2016-04-02T08:04:32Z" finished-at="2016-04-02T08:07:48Z">
    <groups>
    </groups>
    <test name="Default test" duration-ms="195893" started-at="2016-04-02T08:04:32Z" finished-at="2016-04-02T08:07:48Z">
      <class name="com.sfgov.tests.SFgovTest">
        <test-method status="PASS" signature="setUp()[pri:0, instance:com.sfgov.tests.SFgovTest@5f150435]" name="setUp" is-config="true" duration-ms="9076" started-at="2016-04-02T01:04:23Z" finished-at="2016-04-02T01:04:32Z">
          <reporter-output>
          </reporter-output>
        </test-method> <!-- setUp -->
        <test-method status="PASS" signature="residentsPageTest()[pri:0, instance:com.sfgov.tests.SFgovTest@5f150435]" name="residentsPageTest" duration-ms="195876" started-at="2016-04-02T01:04:32Z" finished-at="2016-04-02T01:07:48Z">
          <reporter-output>
          </reporter-output>
        </test-method> <!-- residentsPageTest -->
        <test-method status="PASS" signature="tearDown()[pri:0, instance:com.sfgov.tests.SFgovTest@5f150435]" name="tearDown" is-config="true" duration-ms="203" started-at="2016-04-02T01:07:48Z" finished-at="2016-04-02T01:07:48Z">
          <reporter-output>
          </reporter-output>
        </test-method> <!-- tearDown -->
      </class> <!-- com.sfgov.tests.SFgovTest -->
    </test> <!-- Default test -->
  </suite> <!-- Default suite -->
</testng-results>
