<?xml version="1.0" encoding="UTF-8"?>
<testng-results skipped="0" failed="0" total="8" passed="8">
  <reporter-output>
  </reporter-output>
  <suite name="Default suite" duration-ms="35403" started-at="2016-05-10T06:09:46Z" finished-at="2016-05-10T06:10:22Z">
    <groups>
    </groups>
    <test name="Default test" duration-ms="35403" started-at="2016-05-10T06:09:46Z" finished-at="2016-05-10T06:10:22Z">
      <class name="com.sfgov.tests.LoginTests">
        <test-method status="PASS" signature="setUp()[pri:0, instance:com.sfgov.tests.LoginTests@61a52fbd]" name="setUp" is-config="true" duration-ms="4213" started-at="2016-05-09T23:09:46Z" finished-at="2016-05-09T23:09:50Z">
          <reporter-output>
          </reporter-output>
        </test-method> <!-- setUp -->
        <test-method status="PASS" signature="login01()[pri:0, instance:com.sfgov.tests.LoginTests@61a52fbd]" name="login01" duration-ms="1955" started-at="2016-05-09T23:09:50Z" description="right password and username" finished-at="2016-05-09T23:09:52Z">
          <reporter-output>
          </reporter-output>
        </test-method> <!-- login01 -->
        <test-method status="PASS" signature="tearDown()[pri:0, instance:com.sfgov.tests.LoginTests@61a52fbd]" name="tearDown" is-config="true" duration-ms="34" started-at="2016-05-09T23:09:52Z" finished-at="2016-05-09T23:09:52Z">
          <reporter-output>
          </reporter-output>
        </test-method> <!-- tearDown -->
        <test-method status="PASS" signature="setUp()[pri:0, instance:com.sfgov.tests.LoginTests@61a52fbd]" name="setUp" is-config="true" duration-ms="2780" started-at="2016-05-09T23:09:53Z" finished-at="2016-05-09T23:09:56Z">
          <reporter-output>
          </reporter-output>
        </test-method> <!-- setUp -->
        <test-method status="PASS" signature="login04(java.lang.String, java.lang.String)[pri:0, instance:com.sfgov.tests.LoginTests@61a52fbd]" name="login04" duration-ms="1083" started-at="2016-05-09T23:09:56Z" data-provider="getData" finished-at="2016-05-09T23:09:57Z">
          <params>
            <param index="0">
              <value>
                <![CDATA[a]]>
              </value>
            </param>
            <param index="1">
              <value>
                <![CDATA[A]]>
              </value>
            </param>
          </params>
          <reporter-output>
          </reporter-output>
        </test-method> <!-- login04 -->
        <test-method status="PASS" signature="tearDown()[pri:0, instance:com.sfgov.tests.LoginTests@61a52fbd]" name="tearDown" is-config="true" duration-ms="13" started-at="2016-05-09T23:09:57Z" finished-at="2016-05-09T23:09:57Z">
          <reporter-output>
          </reporter-output>
        </test-method> <!-- tearDown -->
        <test-method status="PASS" signature="setUp()[pri:0, instance:com.sfgov.tests.LoginTests@61a52fbd]" name="setUp" is-config="true" duration-ms="2926" started-at="2016-05-09T23:09:57Z" finished-at="2016-05-09T23:10:00Z">
          <reporter-output>
          </reporter-output>
        </test-method> <!-- setUp -->
        <test-method status="PASS" signature="login04(java.lang.String, java.lang.String)[pri:0, instance:com.sfgov.tests.LoginTests@61a52fbd]" name="login04" duration-ms="1031" started-at="2016-05-09T23:10:00Z" data-provider="getData" finished-at="2016-05-09T23:10:01Z">
          <params>
            <param index="0">
              <value>
                <![CDATA[b]]>
              </value>
            </param>
            <param index="1">
              <value>
                <![CDATA[B]]>
              </value>
            </param>
          </params>
          <reporter-output>
          </reporter-output>
        </test-method> <!-- login04 -->
        <test-method status="PASS" signature="tearDown()[pri:0, instance:com.sfgov.tests.LoginTests@61a52fbd]" name="tearDown" is-config="true" duration-ms="14" started-at="2016-05-09T23:10:01Z" finished-at="2016-05-09T23:10:01Z">
          <reporter-output>
          </reporter-output>
        </test-method> <!-- tearDown -->
        <test-method status="PASS" signature="setUp()[pri:0, instance:com.sfgov.tests.LoginTests@61a52fbd]" name="setUp" is-config="true" duration-ms="2894" started-at="2016-05-09T23:10:01Z" finished-at="2016-05-09T23:10:04Z">
          <reporter-output>
          </reporter-output>
        </test-method> <!-- setUp -->
        <test-method status="PASS" signature="login04(java.lang.String, java.lang.String)[pri:0, instance:com.sfgov.tests.LoginTests@61a52fbd]" name="login04" duration-ms="1021" started-at="2016-05-09T23:10:04Z" data-provider="getData" finished-at="2016-05-09T23:10:05Z">
          <params>
            <param index="0">
              <value>
                <![CDATA[c]]>
              </value>
            </param>
            <param index="1">
              <value>
                <![CDATA[C]]>
              </value>
            </param>
          </params>
          <reporter-output>
          </reporter-output>
        </test-method> <!-- login04 -->
        <test-method status="PASS" signature="tearDown()[pri:0, instance:com.sfgov.tests.LoginTests@61a52fbd]" name="tearDown" is-config="true" duration-ms="12" started-at="2016-05-09T23:10:05Z" finished-at="2016-05-09T23:10:05Z">
          <reporter-output>
          </reporter-output>
        </test-method> <!-- tearDown -->
        <test-method status="PASS" signature="setUp()[pri:0, instance:com.sfgov.tests.LoginTests@61a52fbd]" name="setUp" is-config="true" duration-ms="2951" started-at="2016-05-09T23:10:05Z" finished-at="2016-05-09T23:10:08Z">
          <reporter-output>
          </reporter-output>
        </test-method> <!-- setUp -->
        <test-method status="PASS" signature="login04(java.lang.String, java.lang.String)[pri:0, instance:com.sfgov.tests.LoginTests@61a52fbd]" name="login04" duration-ms="1032" started-at="2016-05-09T23:10:08Z" data-provider="getData" finished-at="2016-05-09T23:10:09Z">
          <params>
            <param index="0">
              <value>
                <![CDATA[d]]>
              </value>
            </param>
            <param index="1">
              <value>
                <![CDATA[D]]>
              </value>
            </param>
          </params>
          <reporter-output>
          </reporter-output>
        </test-method> <!-- login04 -->
        <test-method status="PASS" signature="tearDown()[pri:0, instance:com.sfgov.tests.LoginTests@61a52fbd]" name="tearDown" is-config="true" duration-ms="12" started-at="2016-05-09T23:10:09Z" finished-at="2016-05-09T23:10:09Z">
          <reporter-output>
          </reporter-output>
        </test-method> <!-- tearDown -->
        <test-method status="PASS" signature="setUp()[pri:0, instance:com.sfgov.tests.LoginTests@61a52fbd]" name="setUp" is-config="true" duration-ms="3375" started-at="2016-05-09T23:10:09Z" finished-at="2016-05-09T23:10:12Z">
          <reporter-output>
          </reporter-output>
        </test-method> <!-- setUp -->
        <test-method status="PASS" signature="login04(java.lang.String, java.lang.String)[pri:0, instance:com.sfgov.tests.LoginTests@61a52fbd]" name="login04" duration-ms="1015" started-at="2016-05-09T23:10:12Z" data-provider="getData" finished-at="2016-05-09T23:10:13Z">
          <params>
            <param index="0">
              <value>
                <![CDATA[e]]>
              </value>
            </param>
            <param index="1">
              <value>
                <![CDATA[E]]>
              </value>
            </param>
          </params>
          <reporter-output>
          </reporter-output>
        </test-method> <!-- login04 -->
        <test-method status="PASS" signature="tearDown()[pri:0, instance:com.sfgov.tests.LoginTests@61a52fbd]" name="tearDown" is-config="true" duration-ms="11" started-at="2016-05-09T23:10:13Z" finished-at="2016-05-09T23:10:13Z">
          <reporter-output>
          </reporter-output>
        </test-method> <!-- tearDown -->
        <test-method status="PASS" signature="setUp()[pri:0, instance:com.sfgov.tests.LoginTests@61a52fbd]" name="setUp" is-config="true" duration-ms="3284" started-at="2016-05-09T23:10:13Z" finished-at="2016-05-09T23:10:16Z">
          <reporter-output>
          </reporter-output>
        </test-method> <!-- setUp -->
        <test-method status="PASS" signature="login04(java.lang.String, java.lang.String)[pri:0, instance:com.sfgov.tests.LoginTests@61a52fbd]" name="login04" duration-ms="1126" started-at="2016-05-09T23:10:16Z" data-provider="getData" finished-at="2016-05-09T23:10:18Z">
          <params>
            <param index="0">
              <value>
                <![CDATA[f]]>
              </value>
            </param>
            <param index="1">
              <value>
                <![CDATA[F]]>
              </value>
            </param>
          </params>
          <reporter-output>
          </reporter-output>
        </test-method> <!-- login04 -->
        <test-method status="PASS" signature="tearDown()[pri:0, instance:com.sfgov.tests.LoginTests@61a52fbd]" name="tearDown" is-config="true" duration-ms="12" started-at="2016-05-09T23:10:18Z" finished-at="2016-05-09T23:10:18Z">
          <reporter-output>
          </reporter-output>
        </test-method> <!-- tearDown -->
        <test-method status="PASS" signature="setUp()[pri:0, instance:com.sfgov.tests.LoginTests@61a52fbd]" name="setUp" is-config="true" duration-ms="2791" started-at="2016-05-09T23:10:18Z" finished-at="2016-05-09T23:10:20Z">
          <reporter-output>
          </reporter-output>
        </test-method> <!-- setUp -->
        <test-method status="PASS" signature="login04(java.lang.String, java.lang.String)[pri:0, instance:com.sfgov.tests.LoginTests@61a52fbd]" name="login04" duration-ms="1088" started-at="2016-05-09T23:10:20Z" data-provider="getData" finished-at="2016-05-09T23:10:22Z">
          <params>
            <param index="0">
              <value>
                <![CDATA[g]]>
              </value>
            </param>
            <param index="1">
              <value>
                <![CDATA[G]]>
              </value>
            </param>
          </params>
          <reporter-output>
          </reporter-output>
        </test-method> <!-- login04 -->
        <test-method status="PASS" signature="tearDown()[pri:0, instance:com.sfgov.tests.LoginTests@61a52fbd]" name="tearDown" is-config="true" duration-ms="11" started-at="2016-05-09T23:10:22Z" finished-at="2016-05-09T23:10:22Z">
          <reporter-output>
          </reporter-output>
        </test-method> <!-- tearDown -->
      </class> <!-- com.sfgov.tests.LoginTests -->
    </test> <!-- Default test -->
  </suite> <!-- Default suite -->
</testng-results>
